<?xml version="1.0" encoding="UTF-8"?>
<testng-results skipped="0" failed="0" total="1" passed="1">
  <reporter-output>
  </reporter-output>
  <suite name="Default suite" duration-ms="27266" started-at="2016-08-05T18:16:04Z" finished-at="2016-08-05T18:16:31Z">
    <groups>
    </groups>
    <test name="Default test" duration-ms="27266" started-at="2016-08-05T18:16:04Z" finished-at="2016-08-05T18:16:31Z">
      <class name="com.selenium.testNG.practice.DropAndDrag">
        <test-method status="PASS" signature="intializer()[pri:0, instance:com.selenium.testNG.practice.DropAndDrag@39aeed2f]" name="intializer" is-config="true" duration-ms="22179" started-at="2016-08-05T19:16:04Z" finished-at="2016-08-05T19:16:26Z">
          <reporter-output>
          </reporter-output>
        </test-method> <!-- intializer -->
        <test-method status="PASS" signature="excuteDragAndDrop()[pri:0, instance:com.selenium.testNG.practice.DropAndDrag@39aeed2f]" name="excuteDragAndDrop" duration-ms="3754" started-at="2016-08-05T19:16:26Z" finished-at="2016-08-05T19:16:30Z">
          <reporter-output>
          </reporter-output>
        </test-method> <!-- excuteDragAndDrop -->
        <test-method status="PASS" signature="afterExcution()[pri:0, instance:com.selenium.testNG.practice.DropAndDrag@39aeed2f]" name="afterExcution" is-config="true" duration-ms="1273" started-at="2016-08-05T19:16:30Z" finished-at="2016-08-05T19:16:31Z">
          <reporter-output>
          </reporter-output>
        </test-method> <!-- afterExcution -->
      </class> <!-- com.selenium.testNG.practice.DropAndDrag -->
    </test> <!-- Default test -->
  </suite> <!-- Default suite -->
</testng-results>
